"D:/Games/Homemade Games/ColourWars/Content/Puzzle/Meshes/BaseMaterial.uasset" 0
"D:/Games/Homemade Games/ColourWars/Content/Puzzle/Meshes/BaseMaterial.uexp" 1
"D:/Games/Homemade Games/ColourWars/Content/Puzzle/Meshes/BlockMaterial_Inst.uasset" 2
"D:/Games/Homemade Games/ColourWars/Content/Puzzle/Meshes/BlockMaterial_Inst.uexp" 3
"../../../Engine/Content/EngineMaterials/T_Default_Material_Grid_N.uasset" 4
"../../../Engine/Content/EngineMaterials/T_Default_Material_Grid_N.uexp" 5
"../../../Engine/Content/EngineMaterials/T_Default_Material_Grid_N.ubulk" 6
"../../../Engine/Content/EngineMaterials/T_Default_Material_Grid_M.uasset" 7
"../../../Engine/Content/EngineMaterials/T_Default_Material_Grid_M.uexp" 8
"../../../Engine/Content/EngineMaterials/T_Default_Material_Grid_M.ubulk" 9
"../../../Engine/Content/Functions/Engine_MaterialFunctions01/Opacity/CameraDepthFade.uasset" 10
"../../../Engine/Content/Functions/Engine_MaterialFunctions01/Opacity/CameraDepthFade.uexp" 11
"../../../Engine/Content/EngineMaterials/WorldGridMaterial.uasset" 12
"../../../Engine/Content/EngineMaterials/WorldGridMaterial.uexp" 13
"D:/Games/Homemade Games/ColourWars/Content/Puzzle/Meshes/PuzzleCube.uasset" 14
"D:/Games/Homemade Games/ColourWars/Content/Puzzle/Meshes/PuzzleCube.uexp" 15
"../../../Engine/Content/EngineFonts/RobotoDistanceField.uasset" 16
"../../../Engine/Content/EngineFonts/RobotoDistanceField.uexp" 17
"D:/Games/Homemade Games/ColourWars/Content/Puzzle/Meshes/TextMaterial.uasset" 18
"D:/Games/Homemade Games/ColourWars/Content/Puzzle/Meshes/TextMaterial.uexp" 19
"D:/Games/Homemade Games/ColourWars/Content/Puzzle/Meshes/TextMaterial_Inst.uasset" 20
"D:/Games/Homemade Games/ColourWars/Content/Puzzle/Meshes/TextMaterial_Inst.uexp" 21
"D:/Games/Homemade Games/ColourWars/Content/Art/Icons/combine-power.uasset" 22
"D:/Games/Homemade Games/ColourWars/Content/Art/Icons/combine-power.uexp" 23
"D:/Games/Homemade Games/ColourWars/Content/Art/Icons/combine-power.ubulk" 24
"D:/Games/Homemade Games/ColourWars/Content/UI/ColourWarsMainWidget.uasset" 25
"D:/Games/Homemade Games/ColourWars/Content/UI/ColourWarsMainWidget.uexp" 26
"D:/Games/Homemade Games/ColourWars/Content/UI/MainMenuWidget.uasset" 27
"D:/Games/Homemade Games/ColourWars/Content/UI/MainMenuWidget.uexp" 28
"../../../Engine/Content/ArtTools/RenderToTexture/Meshes/S_1_Unit_Plane.uasset" 29
"../../../Engine/Content/ArtTools/RenderToTexture/Meshes/S_1_Unit_Plane.uexp" 30
"../../../Engine/Content/EngineMaterials/DefaultMaterial.uasset" 31
"../../../Engine/Content/EngineMaterials/DefaultMaterial.uexp" 32
"../../../Engine/Content/BasicShapes/Cone.uasset" 33
"../../../Engine/Content/BasicShapes/Cone.uexp" 34
"../../../Engine/Content/BasicShapes/Cube.uasset" 35
"../../../Engine/Content/BasicShapes/Cube.uexp" 36
"../../../Engine/Content/BasicShapes/Plane.uasset" 37
"../../../Engine/Content/BasicShapes/Plane.uexp" 38
"../../../Engine/Content/BasicShapes/Sphere.uasset" 39
"../../../Engine/Content/BasicShapes/Sphere.uexp" 40
"../../../Engine/Content/EditorLandscapeResources/DataLayer.uasset" 41
"../../../Engine/Content/EditorLandscapeResources/DataLayer.uexp" 42
"../../../Engine/Content/EditorLandscapeResources/DefaultAlphaTexture.uasset" 43
"../../../Engine/Content/EditorLandscapeResources/DefaultAlphaTexture.uexp" 44
"../../../Engine/Content/EditorMaterials/MAT_Groups_Toggle.uasset" 45
"../../../Engine/Content/EditorMaterials/MAT_Groups_Toggle.uexp" 46
"../../../Engine/Content/EditorMaterials/MAT_Groups_Visibility.uasset" 47
"../../../Engine/Content/EditorMaterials/MAT_Groups_Visibility.uexp" 48
"../../../Engine/Content/EditorMaterials/PreviewShadowIndicator.uasset" 49
"../../../Engine/Content/EditorMaterials/PreviewShadowIndicator.uexp" 50
"../../../Engine/Content/EditorMaterials/PreviewShadowIndicator.ubulk" 51
"../../../Engine/Content/EditorMaterials/PreviewShadowIndicatorMaterial.uasset" 52
"../../../Engine/Content/EditorMaterials/PreviewShadowIndicatorMaterial.uexp" 53
"../../../Engine/Content/EditorMaterials/MatineeGroups/MAT_ColorTrack.uasset" 54
"../../../Engine/Content/EditorMaterials/MatineeGroups/MAT_ColorTrack.uexp" 55
"../../../Engine/Content/EditorMaterials/MatineeGroups/MAT_Groups_Anim.uasset" 56
"../../../Engine/Content/EditorMaterials/MatineeGroups/MAT_Groups_Anim.uexp" 57
"../../../Engine/Content/EditorMaterials/MatineeGroups/MAT_Groups_AudioMaster.uasset" 58
"../../../Engine/Content/EditorMaterials/MatineeGroups/MAT_Groups_AudioMaster.uexp" 59
"../../../Engine/Content/EditorMaterials/MatineeGroups/MAT_Groups_Director.uasset" 60
"../../../Engine/Content/EditorMaterials/MatineeGroups/MAT_Groups_Director.uexp" 61
"../../../Engine/Content/EditorMaterials/MatineeGroups/MAT_Groups_Event.uasset" 62
"../../../Engine/Content/EditorMaterials/MatineeGroups/MAT_Groups_Event.uexp" 63
"../../../Engine/Content/EditorMaterials/MatineeGroups/MAT_Groups_Fade.uasset" 64
"../../../Engine/Content/EditorMaterials/MatineeGroups/MAT_Groups_Fade.uexp" 65
"../../../Engine/Content/EditorMaterials/MatineeGroups/MAT_Groups_Float.uasset" 66
"../../../Engine/Content/EditorMaterials/MatineeGroups/MAT_Groups_Float.uexp" 67
"../../../Engine/Content/EditorMaterials/MatineeGroups/MAT_Groups_Move.uasset" 68
"../../../Engine/Content/EditorMaterials/MatineeGroups/MAT_Groups_Move.uexp" 69
"../../../Engine/Content/EditorMaterials/MatineeGroups/MAT_Groups_Slomo.uasset" 70
"../../../Engine/Content/EditorMaterials/MatineeGroups/MAT_Groups_Slomo.uexp" 71
"../../../Engine/Content/EditorMaterials/MatineeGroups/MAT_Groups_Sound.uasset" 72
"../../../Engine/Content/EditorMaterials/MatineeGroups/MAT_Groups_Sound.uexp" 73
"../../../Engine/Content/EditorMaterials/MatineeGroups/MAT_Groups_Vector.uasset" 74
"../../../Engine/Content/EditorMaterials/MatineeGroups/MAT_Groups_Vector.uexp" 75
"../../../Engine/Content/EditorMaterials/ParticleSystems/PSysThumbnail_NoImage.uasset" 76
"../../../Engine/Content/EditorMaterials/ParticleSystems/PSysThumbnail_NoImage.uexp" 77
"../../../Engine/Content/EditorMaterials/ParticleSystems/PSysThumbnail_NoImage.ubulk" 78
"../../../Engine/Content/EditorMaterials/ParticleSystems/PSysThumbnail_OOD.uasset" 79
"../../../Engine/Content/EditorMaterials/ParticleSystems/PSysThumbnail_OOD.uexp" 80
"../../../Engine/Content/EditorMaterials/ParticleSystems/PSysThumbnail_OOD.ubulk" 81
"../../../Engine/Content/EditorMaterials/Camera/CineMat.uasset" 82
"../../../Engine/Content/EditorMaterials/Camera/CineMat.uexp" 83
"../../../Engine/Content/EditorMaterials/Camera/MI_CineMat_Rig.uasset" 84
"../../../Engine/Content/EditorMaterials/Camera/MI_CineMat_Rig.uexp" 85
"../../../Engine/Content/EditorMeshes/Camera/SM_CraneRig_Arm.uasset" 86
"../../../Engine/Content/EditorMeshes/Camera/SM_CraneRig_Arm.uexp" 87
"../../../Engine/Content/EditorMeshes/Camera/SM_CraneRig_Base.uasset" 88
"../../../Engine/Content/EditorMeshes/Camera/SM_CraneRig_Base.uexp" 89
"../../../Engine/Content/EditorMeshes/Camera/SM_CraneRig_Body.uasset" 90
"../../../Engine/Content/EditorMeshes/Camera/SM_CraneRig_Body.uexp" 91
"../../../Engine/Content/EditorMeshes/Camera/SM_CraneRig_Mount.uasset" 92
"../../../Engine/Content/EditorMeshes/Camera/SM_CraneRig_Mount.uexp" 93
"../../../Engine/Content/EditorMeshes/Camera/SM_RailRig_Mount.uasset" 94
"../../../Engine/Content/EditorMeshes/Camera/SM_RailRig_Mount.uexp" 95
"../../../Engine/Content/EditorMeshes/Camera/SM_RailRig_Track.uasset" 96
"../../../Engine/Content/EditorMeshes/Camera/SM_RailRig_Track.uexp" 97
"../../../Engine/Content/EditorResources/BSPVertex.uasset" 98
"../../../Engine/Content/EditorResources/BSPVertex.uexp" 99
"../../../Engine/Content/EditorResources/EmptyActor.uasset" 100
"../../../Engine/Content/EditorResources/EmptyActor.uexp" 101
"../../../Engine/Content/EditorResources/S_Actor.uasset" 102
"../../../Engine/Content/EditorResources/S_Actor.uexp" 103
"../../../Engine/Content/EditorResources/S_Actor.ubulk" 104
"../../../Engine/Content/EditorResources/S_Note.uasset" 105
"../../../Engine/Content/EditorResources/S_Note.uexp" 106
"../../../Engine/Content/EditorResources/S_Note.ubulk" 107
"../../../Engine/Content/EditorResources/S_Solver.uasset" 108
"../../../Engine/Content/EditorResources/S_Solver.uexp" 109
"../../../Engine/Content/EditorResources/S_Solver.ubulk" 110
"../../../Engine/Content/EditorResources/S_Terrain.uasset" 111
"../../../Engine/Content/EditorResources/S_Terrain.uexp" 112
"../../../Engine/Content/EditorResources/S_Terrain.ubulk" 113
"../../../Engine/Content/EditorResources/S_Trigger.uasset" 114
"../../../Engine/Content/EditorResources/S_Trigger.uexp" 115
"../../../Engine/Content/EditorResources/S_Trigger.ubulk" 116
"../../../Engine/Content/EditorResources/LightIcons/S_LightError.uasset" 117
"../../../Engine/Content/EditorResources/LightIcons/S_LightError.uexp" 118
"../../../Engine/Content/EditorResources/SequenceRecorder/Countdown.uasset" 119
"../../../Engine/Content/EditorResources/SequenceRecorder/Countdown.uexp" 120
"../../../Engine/Content/EditorResources/SequenceRecorder/RecordingIndicator.uasset" 121
"../../../Engine/Content/EditorResources/SequenceRecorder/RecordingIndicator.uexp" 122
"../../../Engine/Content/EngineDamageTypes/DmgTypeBP_Environmental.uasset" 123
"../../../Engine/Content/EngineDamageTypes/DmgTypeBP_Environmental.uexp" 124
"../../../Engine/Content/EngineDebugMaterials/DebugEditorMaterial.uasset" 125
"../../../Engine/Content/EngineDebugMaterials/DebugEditorMaterial.uexp" 126
"../../../Engine/Content/EngineDebugMaterials/DebugMeshMaterial.uasset" 127
"../../../Engine/Content/EngineDebugMaterials/DebugMeshMaterial.uexp" 128
"../../../Engine/Content/EngineDebugMaterials/M_SimpleUnlitTranslucent.uasset" 129
"../../../Engine/Content/EngineDebugMaterials/M_SimpleUnlitTranslucent.uexp" 130
"../../../Engine/Content/EngineDebugMaterials/VolumeToRender.uasset" 131
"../../../Engine/Content/EngineDebugMaterials/VolumeToRender.uexp" 132
"../../../Engine/Content/Functions/Engine_MaterialFunctions02/Utility/CameraDirectionVector.uasset" 133
"../../../Engine/Content/Functions/Engine_MaterialFunctions02/Utility/CameraDirectionVector.uexp" 134
"../../../Engine/Content/EngineDebugMaterials/M_VolumeRenderSphereTracePP.uasset" 135
"../../../Engine/Content/EngineDebugMaterials/M_VolumeRenderSphereTracePP.uexp" 136
"../../../Engine/Content/Functions/Engine_MaterialFunctions01/Shading/ConvertFromDiffSpec.uasset" 137
"../../../Engine/Content/Functions/Engine_MaterialFunctions01/Shading/ConvertFromDiffSpec.uexp" 138
"../../../Engine/Content/EngineDebugMaterials/VertexColorMaterial.uasset" 139
"../../../Engine/Content/EngineDebugMaterials/VertexColorMaterial.uexp" 140
"../../../Engine/Content/EngineDebugMaterials/WireframeMaterial.uasset" 141
"../../../Engine/Content/EngineDebugMaterials/WireframeMaterial.uexp" 142
"../../../Engine/Content/EngineFonts/Faces/RobotoRegular.uasset" 143
"../../../Engine/Content/EngineFonts/Faces/RobotoRegular.uexp" 144
"../../../Engine/Content/EngineFonts/Faces/RobotoRegular.ufont" 145
"../../../Engine/Content/EngineFonts/Faces/RobotoLight.uasset" 146
"../../../Engine/Content/EngineFonts/Faces/RobotoLight.uexp" 147
"../../../Engine/Content/EngineFonts/Faces/RobotoLight.ufont" 148
"../../../Engine/Content/EngineFonts/Faces/RobotoItalic.uasset" 149
"../../../Engine/Content/EngineFonts/Faces/RobotoItalic.uexp" 150
"../../../Engine/Content/EngineFonts/Faces/RobotoItalic.ufont" 151
"../../../Engine/Content/EngineFonts/Faces/RobotoBoldItalic.uasset" 152
"../../../Engine/Content/EngineFonts/Faces/RobotoBoldItalic.uexp" 153
"../../../Engine/Content/EngineFonts/Faces/RobotoBoldItalic.ufont" 154
"../../../Engine/Content/EngineFonts/Faces/RobotoBold.uasset" 155
"../../../Engine/Content/EngineFonts/Faces/RobotoBold.uexp" 156
"../../../Engine/Content/EngineFonts/Faces/RobotoBold.ufont" 157
"../../../Engine/Content/EngineFonts/Faces/DroidSansFallback.uasset" 158
"../../../Engine/Content/EngineFonts/Faces/DroidSansFallback.uexp" 159
"../../../Engine/Content/EngineFonts/Faces/DroidSansFallback.ufont" 160
"../../../Engine/Content/EngineFonts/Roboto.uasset" 161
"../../../Engine/Content/EngineFonts/Roboto.uexp" 162
"../../../Engine/Content/EngineMaterials/BaseFlattenNormalMap.uasset" 163
"../../../Engine/Content/EngineMaterials/BaseFlattenNormalMap.uexp" 164
"../../../Engine/Content/EngineMaterials/BaseFlattenGrayscaleMap.uasset" 165
"../../../Engine/Content/EngineMaterials/BaseFlattenGrayscaleMap.uexp" 166
"../../../Engine/Content/EngineMaterials/BaseFlattenEmissiveMap.uasset" 167
"../../../Engine/Content/EngineMaterials/BaseFlattenEmissiveMap.uexp" 168
"../../../Engine/Content/EngineMaterials/BaseFlattenDiffuseMap.uasset" 169
"../../../Engine/Content/EngineMaterials/BaseFlattenDiffuseMap.uexp" 170
"../../../Engine/Content/EngineMaterials/BaseFlattenMaterial.uasset" 171
"../../../Engine/Content/EngineMaterials/BaseFlattenMaterial.uexp" 172
"../../../Engine/Content/EngineMaterials/BlueNoise.uasset" 173
"../../../Engine/Content/EngineMaterials/BlueNoise.uexp" 174
"../../../Engine/Content/EngineMaterials/DefaultBloomKernel.uasset" 175
"../../../Engine/Content/EngineMaterials/DefaultBloomKernel.uexp" 176
"../../../Engine/Content/EngineMaterials/DefaultBokeh.uasset" 177
"../../../Engine/Content/EngineMaterials/DefaultBokeh.uexp" 178
"../../../Engine/Content/EngineMaterials/DefaultDiffuse.uasset" 179
"../../../Engine/Content/EngineMaterials/DefaultDiffuse.uexp" 180
"../../../Engine/Content/EngineMaterials/DefaultDiffuse.ubulk" 181
"../../../Engine/Content/EngineMaterials/DefaultDeferredDecalMaterial.uasset" 182
"../../../Engine/Content/EngineMaterials/DefaultDeferredDecalMaterial.uexp" 183
"../../../Engine/Content/EngineMaterials/DefaultLightFunctionMaterial.uasset" 184
"../../../Engine/Content/EngineMaterials/DefaultLightFunctionMaterial.uexp" 185
"../../../Engine/Content/EngineMaterials/DefaultPhysicalMaterial.uasset" 186
"../../../Engine/Content/EngineMaterials/DefaultPhysicalMaterial.uexp" 187
"../../../Engine/Content/Functions/Engine_MaterialFunctions02/Utility/BreakOutFloat2Components.uasset" 188
"../../../Engine/Content/Functions/Engine_MaterialFunctions02/Utility/BreakOutFloat2Components.uexp" 189
"../../../Engine/Content/EngineMaterials/DefaultPostProcessMaterial.uasset" 190
"../../../Engine/Content/EngineMaterials/DefaultPostProcessMaterial.uexp" 191
"../../../Engine/Content/EngineMaterials/DefaultTextMaterialOpaque.uasset" 192
"../../../Engine/Content/EngineMaterials/DefaultTextMaterialOpaque.uexp" 193
"../../../Engine/Content/EngineMaterials/DefaultWhiteGrid.uasset" 194
"../../../Engine/Content/EngineMaterials/DefaultWhiteGrid.uexp" 195
"../../../Engine/Content/EngineMaterials/DefaultWhiteGrid.ubulk" 196
"../../../Engine/Content/EngineMaterials/DefaultWhiteGrid_Low.uasset" 197
"../../../Engine/Content/EngineMaterials/DefaultWhiteGrid_Low.uexp" 198
"../../../Engine/Content/EngineMaterials/EmissiveMeshMaterial.uasset" 199
"../../../Engine/Content/EngineMaterials/EmissiveMeshMaterial.uexp" 200
"../../../Engine/Content/EngineMaterials/GizmoMaterial.uasset" 201
"../../../Engine/Content/EngineMaterials/GizmoMaterial.uexp" 202
"../../../Engine/Content/EngineMaterials/Good64x64TilingNoiseHighFreq.uasset" 203
"../../../Engine/Content/EngineMaterials/Good64x64TilingNoiseHighFreq.uexp" 204
"../../../Engine/Content/EngineMaterials/MiniFont.uasset" 205
"../../../Engine/Content/EngineMaterials/MiniFont.uexp" 206
"../../../Engine/Content/EngineMaterials/InvalidLightmapSettings.uasset" 207
"../../../Engine/Content/EngineMaterials/InvalidLightmapSettings.uexp" 208
"../../../Engine/Content/EngineMaterials/InvalidLightmapSettings.ubulk" 209
"../../../Engine/Content/EngineMaterials/M_InvalidLightmapSettings.uasset" 210
"../../../Engine/Content/EngineMaterials/M_InvalidLightmapSettings.uexp" 211
"../../../Engine/Content/Functions/Engine_MaterialFunctions02/WorldPositionOffset/CameraOffset.uasset" 212
"../../../Engine/Content/Functions/Engine_MaterialFunctions02/WorldPositionOffset/CameraOffset.uexp" 213
"../../../Engine/Content/EngineMaterials/PhAT_JointLimitMaterial.uasset" 214
"../../../Engine/Content/EngineMaterials/PhAT_JointLimitMaterial.uexp" 215
"../../../Engine/Content/EngineMaterials/DefaultCalibrationColor.uasset" 216
"../../../Engine/Content/EngineMaterials/DefaultCalibrationColor.uexp" 217
"../../../Engine/Content/EngineMaterials/PPM_DefaultCalibrationColor.uasset" 218
"../../../Engine/Content/EngineMaterials/PPM_DefaultCalibrationColor.uexp" 219
"../../../Engine/Content/EngineMaterials/DefaultCalibrationGrayscale.uasset" 220
"../../../Engine/Content/EngineMaterials/DefaultCalibrationGrayscale.uexp" 221
"../../../Engine/Content/EngineMaterials/PPM_DefaultCalibrationGrayscale.uasset" 222
"../../../Engine/Content/EngineMaterials/PPM_DefaultCalibrationGrayscale.uexp" 223
"../../../Engine/Content/EngineMaterials/PreintegratedSkinBRDF.uasset" 224
"../../../Engine/Content/EngineMaterials/PreintegratedSkinBRDF.uexp" 225
"../../../Engine/Content/EngineMaterials/RemoveSurfaceMaterial.uasset" 226
"../../../Engine/Content/EngineMaterials/RemoveSurfaceMaterial.uexp" 227
"../../../Engine/Content/EngineMaterials/WeightMapPlaceholderTexture.uasset" 228
"../../../Engine/Content/EngineMaterials/WeightMapPlaceholderTexture.uexp" 229
"../../../Engine/Content/EngineResources/WhiteSquareTexture.uasset" 230
"../../../Engine/Content/EngineResources/WhiteSquareTexture.uexp" 231
"../../../Engine/Content/EngineMaterials/Widget3DPassThrough.uasset" 232
"../../../Engine/Content/EngineMaterials/Widget3DPassThrough.uexp" 233
"../../../Engine/Content/EngineMaterials/Widget3DPassThrough_Masked.uasset" 234
"../../../Engine/Content/EngineMaterials/Widget3DPassThrough_Masked.uexp" 235
"../../../Engine/Content/EngineMaterials/Widget3DPassThrough_Opaque.uasset" 236
"../../../Engine/Content/EngineMaterials/Widget3DPassThrough_Opaque.uexp" 237
"../../../Engine/Content/EngineMaterials/Widget3DPassThrough_Masked_OneSided.uasset" 238
"../../../Engine/Content/EngineMaterials/Widget3DPassThrough_Masked_OneSided.uexp" 239
"../../../Engine/Content/EngineMaterials/Widget3DPassThrough_Opaque_OneSided.uasset" 240
"../../../Engine/Content/EngineMaterials/Widget3DPassThrough_Opaque_OneSided.uexp" 241
"../../../Engine/Content/EngineMaterials/Widget3DPassThrough_Translucent.uasset" 242
"../../../Engine/Content/EngineMaterials/Widget3DPassThrough_Translucent.uexp" 243
"../../../Engine/Content/EngineMaterials/Widget3DPassThrough_Translucent_OneSided.uasset" 244
"../../../Engine/Content/EngineMaterials/Widget3DPassThrough_Translucent_OneSided.uexp" 245
"../../../Engine/Content/EngineMeshes/Cylinder.uasset" 246
"../../../Engine/Content/EngineMeshes/Cylinder.uexp" 247
"../../../Engine/Content/EngineMeshes/Sphere.uasset" 248
"../../../Engine/Content/EngineMeshes/Sphere.uexp" 249
"../../../Engine/Content/EngineResources/DefaultTexture.uasset" 250
"../../../Engine/Content/EngineResources/DefaultTexture.uexp" 251
"../../../Engine/Content/EngineResources/DefaultTexture.ubulk" 252
"../../../Engine/Content/EngineResources/DefaultTextureCube.uasset" 253
"../../../Engine/Content/EngineResources/DefaultTextureCube.uexp" 254
"../../../Engine/Content/EngineResources/DefaultVolumeTexture2D.uasset" 255
"../../../Engine/Content/EngineResources/DefaultVolumeTexture2D.uexp" 256
"../../../Engine/Content/EngineResources/DefaultVolumeTexture.uasset" 257
"../../../Engine/Content/EngineResources/DefaultVolumeTexture.uexp" 258
"../../../Engine/Content/EngineResources/GradientTexture0.uasset" 259
"../../../Engine/Content/EngineResources/GradientTexture0.uexp" 260
"../../../Engine/Content/EngineSky/VolumetricClouds/T_NoiseShape64.uasset" 261
"../../../Engine/Content/EngineSky/VolumetricClouds/T_NoiseShape64.uexp" 262
"../../../Engine/Content/EngineSky/VolumetricClouds/T_NoiseShape64.ubulk" 263
"../../../Engine/Content/EngineSky/VolumetricClouds/T_VolumeNoiseShape64.uasset" 264
"../../../Engine/Content/EngineSky/VolumetricClouds/T_VolumeNoiseShape64.uexp" 265
"../../../Engine/Content/EngineSky/VolumetricClouds/T_NoiseErosion.uasset" 266
"../../../Engine/Content/EngineSky/VolumetricClouds/T_NoiseErosion.uexp" 267
"../../../Engine/Content/EngineSky/VolumetricClouds/T_NoiseErosion.ubulk" 268
"../../../Engine/Content/EngineSky/VolumetricClouds/T_VolumeNoiseErosion32.uasset" 269
"../../../Engine/Content/EngineSky/VolumetricClouds/T_VolumeNoiseErosion32.uexp" 270
"../../../Engine/Content/EngineSky/VolumetricClouds/CloudWeatherTexture.uasset" 271
"../../../Engine/Content/EngineSky/VolumetricClouds/CloudWeatherTexture.uexp" 272
"../../../Engine/Content/EngineSky/VolumetricClouds/CloudGradientTexture.uasset" 273
"../../../Engine/Content/EngineSky/VolumetricClouds/CloudGradientTexture.uexp" 274
"../../../Engine/Content/Functions/Engine_MaterialFunctions02/Utility/MakeFloat2.uasset" 275
"../../../Engine/Content/Functions/Engine_MaterialFunctions02/Utility/MakeFloat2.uexp" 276
"../../../Engine/Content/EngineSky/VolumetricClouds/m_SimpleVolumetricCloud.uasset" 277
"../../../Engine/Content/EngineSky/VolumetricClouds/m_SimpleVolumetricCloud.uexp" 278
"../../../Engine/Content/EngineSky/VolumetricClouds/m_SimpleVolumetricCloud_Inst.uasset" 279
"../../../Engine/Content/EngineSky/VolumetricClouds/m_SimpleVolumetricCloud_Inst.uexp" 280
"../../../Engine/Content/EngineSounds/Master.uasset" 281
"../../../Engine/Content/EngineSounds/Master.uexp" 282
"../../../Engine/Content/Functions/Engine_MaterialFunctions01/Shading/PowerToRoughness.uasset" 283
"../../../Engine/Content/Functions/Engine_MaterialFunctions01/Shading/PowerToRoughness.uexp" 284
"../../../Engine/Content/Maps/Templates/Thumbnails/Default.uasset" 285
"../../../Engine/Content/Maps/Templates/Thumbnails/Default.uexp" 286
"../../../Engine/Content/Maps/Templates/Thumbnails/TimeOfDay.uasset" 287
"../../../Engine/Content/Maps/Templates/Thumbnails/TimeOfDay.uexp" 288
"../../../Engine/Content/Maps/Templates/Thumbnails/VR-Basic.uasset" 289
"../../../Engine/Content/Maps/Templates/Thumbnails/VR-Basic.uexp" 290
"../../../Engine/Content/MobileResources/T_MobileControls_texture.uasset" 291
"../../../Engine/Content/MobileResources/T_MobileControls_texture.uexp" 292
"../../../Engine/Content/MobileResources/T_MobileMenu2.uasset" 293
"../../../Engine/Content/MobileResources/T_MobileMenu2.uexp" 294
"../../../Engine/Content/MobileResources/HUD/AnalogHat.uasset" 295
"../../../Engine/Content/MobileResources/HUD/AnalogHat.uexp" 296
"../../../Engine/Content/MobileResources/HUD/VirtualJoystick_Thumb.uasset" 297
"../../../Engine/Content/MobileResources/HUD/VirtualJoystick_Thumb.uexp" 298
"../../../Engine/Content/MobileResources/HUD/VirtualJoystick_Background.uasset" 299
"../../../Engine/Content/MobileResources/HUD/VirtualJoystick_Background.uexp" 300
"../../../Engine/Content/MobileResources/HUD/DefaultVirtualJoysticks.uasset" 301
"../../../Engine/Content/MobileResources/HUD/DefaultVirtualJoysticks.uexp" 302
"../../../Engine/Content/MobileResources/HUD/LeftVirtualJoystickOnly.uasset" 303
"../../../Engine/Content/MobileResources/HUD/LeftVirtualJoystickOnly.uexp" 304
"../../../Engine/Content/MobileResources/HUD/MobileHUDButton1_off.uasset" 305
"../../../Engine/Content/MobileResources/HUD/MobileHUDButton1_off.uexp" 306
"../../../Engine/Content/MobileResources/HUD/MobileHUDButton1_on.uasset" 307
"../../../Engine/Content/MobileResources/HUD/MobileHUDButton1_on.uexp" 308
"../../../Engine/Content/MobileResources/HUD/MobileHUDButton2_off.uasset" 309
"../../../Engine/Content/MobileResources/HUD/MobileHUDButton2_off.uexp" 310
"../../../Engine/Content/MobileResources/HUD/MobileHUDButton2_on.uasset" 311
"../../../Engine/Content/MobileResources/HUD/MobileHUDButton2_on.uexp" 312
"../../../Engine/Content/MobileResources/HUD/MobileHUDButton3.uasset" 313
"../../../Engine/Content/MobileResources/HUD/MobileHUDButton3.uexp" 314
"../../../Engine/Content/MobileResources/HUD/MobileHUDButtonFire.uasset" 315
"../../../Engine/Content/MobileResources/HUD/MobileHUDButtonFire.uexp" 316
"../../../Engine/Content/MobileResources/HUD/MobileHUDDirectionPad.uasset" 317
"../../../Engine/Content/MobileResources/HUD/MobileHUDDirectionPad.uexp" 318
"../../../Engine/Content/MobileResources/HUD/MobileHUDDirectionPad2.uasset" 319
"../../../Engine/Content/MobileResources/HUD/MobileHUDDirectionPad2.uexp" 320
"../../../Engine/Content/MobileResources/HUD/MobileHUDDirectionPad3.uasset" 321
"../../../Engine/Content/MobileResources/HUD/MobileHUDDirectionPad3.uexp" 322
"../../../Engine/Content/MobileResources/HUD/MobileHUDDirectionStick.uasset" 323
"../../../Engine/Content/MobileResources/HUD/MobileHUDDirectionStick.uexp" 324
"../../../Engine/Content/MobileResources/HUD/T_Castle_ThumbstickInner.uasset" 325
"../../../Engine/Content/MobileResources/HUD/T_Castle_ThumbstickInner.uexp" 326
"../../../Engine/Content/MobileResources/HUD/T_Castle_ThumbstickOutter.uasset" 327
"../../../Engine/Content/MobileResources/HUD/T_Castle_ThumbstickOutter.uexp" 328
"../../../Engine/Content/Tutorial/ContentIntroCurve.uasset" 329
"../../../Engine/Content/Tutorial/ContentIntroCurve.uexp" 330
"../../../Engine/Content/VREditor/TransformGizmo/TranslucentTransformGizmoMaterial.uasset" 331
"../../../Engine/Content/VREditor/TransformGizmo/TranslucentTransformGizmoMaterial.uexp" 332
"../../../Engine/Content/VREditor/LaserPointer/VR_LaserPower_01.uasset" 333
"../../../Engine/Content/VREditor/LaserPointer/VR_LaserPower_01.uexp" 334
"../../../Engine/Content/VREditor/LaserPointer/VR_LaserPower_01.ubulk" 335
"../../../Engine/Content/VREditor/TransformGizmo/TransformGizmoMaterial.uasset" 336
"../../../Engine/Content/VREditor/TransformGizmo/TransformGizmoMaterial.uexp" 337
"../../../Engine/Content/VREditor/TransformGizmo/BoundingBoxCorner.uasset" 338
"../../../Engine/Content/VREditor/TransformGizmo/BoundingBoxCorner.uexp" 339
"../../../Engine/Content/VREditor/TransformGizmo/BoundingBoxEdge.uasset" 340
"../../../Engine/Content/VREditor/TransformGizmo/BoundingBoxEdge.uexp" 341
"../../../Engine/Content/VREditor/TransformGizmo/PlaneTranslationHandle.uasset" 342
"../../../Engine/Content/VREditor/TransformGizmo/PlaneTranslationHandle.uexp" 343
"../../../Engine/Content/VREditor/TransformGizmo/Xray.uasset" 344
"../../../Engine/Content/VREditor/TransformGizmo/Xray.uexp" 345
"../../../Engine/Content/VREditor/TransformGizmo/Main.uasset" 346
"../../../Engine/Content/VREditor/TransformGizmo/Main.uexp" 347
"../../../Engine/Content/VREditor/TransformGizmo/SM_Sequencer_Key.uasset" 348
"../../../Engine/Content/VREditor/TransformGizmo/SM_Sequencer_Key.uexp" 349
"../../../Engine/Content/VREditor/TransformGizmo/SM_Sequencer_Node.uasset" 350
"../../../Engine/Content/VREditor/TransformGizmo/SM_Sequencer_Node.uexp" 351
"../../../Engine/Plugins/2D/Paper2D/Content/PlaceholderTextures/DummySpriteTexture.uasset" 352
"../../../Engine/Plugins/2D/Paper2D/Content/PlaceholderTextures/DummySpriteTexture.uexp" 353
"../../../Engine/Plugins/2D/Paper2D/Content/PlaceholderTextures/DummySpriteTexture.ubulk" 354
"../../../Engine/Plugins/2D/Paper2D/Content/DummySprite.uasset" 355
"../../../Engine/Plugins/2D/Paper2D/Content/DummySprite.uexp" 356
"../../../Engine/Plugins/2D/Paper2D/Content/DefaultPaperTerrainMaterial.uasset" 357
"../../../Engine/Plugins/2D/Paper2D/Content/DefaultPaperTerrainMaterial.uexp" 358
"../../../Engine/Plugins/2D/Paper2D/Content/DefaultSpriteMaterial.uasset" 359
"../../../Engine/Plugins/2D/Paper2D/Content/DefaultSpriteMaterial.uexp" 360
"../../../Engine/Plugins/2D/Paper2D/Content/MaskedUnlitSpriteMaterial.uasset" 361
"../../../Engine/Plugins/2D/Paper2D/Content/MaskedUnlitSpriteMaterial.uexp" 362
"../../../Engine/Plugins/2D/Paper2D/Content/OpaqueUnlitSpriteMaterial.uasset" 363
"../../../Engine/Plugins/2D/Paper2D/Content/OpaqueUnlitSpriteMaterial.uexp" 364
"../../../Engine/Content/Functions/Engine_MaterialFunctions02/Utility/BreakOutFloat3Components.uasset" 365
"../../../Engine/Content/Functions/Engine_MaterialFunctions02/Utility/BreakOutFloat3Components.uexp" 366
"../../../Engine/Plugins/Editor/SpeedTreeImporter/Content/SpeedTree9/UnpackInteger3.uasset" 367
"../../../Engine/Plugins/Editor/SpeedTreeImporter/Content/SpeedTree9/UnpackInteger3.uexp" 368
"../../../Engine/Plugins/Editor/SpeedTreeImporter/Content/SpeedTree9/UnpackDirection.uasset" 369
"../../../Engine/Plugins/Editor/SpeedTreeImporter/Content/SpeedTree9/UnpackDirection.uexp" 370
"../../../Engine/Plugins/Editor/SpeedTreeImporter/Content/SpeedTree9/game_wind_noise.uasset" 371
"../../../Engine/Plugins/Editor/SpeedTreeImporter/Content/SpeedTree9/game_wind_noise.uexp" 372
"../../../Engine/Plugins/Editor/SpeedTreeImporter/Content/SpeedTree9/game_wind_noise.ubulk" 373
"../../../Engine/Content/Functions/Engine_MaterialFunctions02/SafeNormalize.uasset" 374
"../../../Engine/Content/Functions/Engine_MaterialFunctions02/SafeNormalize.uexp" 375
"../../../Engine/Plugins/Editor/SpeedTreeImporter/Content/SpeedTree9/SpeedTreeWindMotion.uasset" 376
"../../../Engine/Plugins/Editor/SpeedTreeImporter/Content/SpeedTree9/SpeedTreeWindMotion.uexp" 377
"../../../Engine/Plugins/Editor/SpeedTreeImporter/Content/SpeedTree9/SpeedTreeBranchMotion.uasset" 378
"../../../Engine/Plugins/Editor/SpeedTreeImporter/Content/SpeedTree9/SpeedTreeBranchMotion.uexp" 379
"../../../Engine/Content/Functions/Engine_MaterialFunctions02/ObjectLocalBounds.uasset" 380
"../../../Engine/Content/Functions/Engine_MaterialFunctions02/ObjectLocalBounds.uexp" 381
"../../../Engine/Content/Functions/Engine_MaterialFunctions02/UVs/BoundingBoxBased_0-1_UVW.uasset" 382
"../../../Engine/Content/Functions/Engine_MaterialFunctions02/UVs/BoundingBoxBased_0-1_UVW.uexp" 383
"../../../Engine/Content/Functions/Engine_MaterialFunctions02/Utility/VectorLength.uasset" 384
"../../../Engine/Content/Functions/Engine_MaterialFunctions02/Utility/VectorLength.uexp" 385
"../../../Engine/Content/Functions/Engine_MaterialFunctions02/WorldPositionOffset/ObjectScale.uasset" 386
"../../../Engine/Content/Functions/Engine_MaterialFunctions02/WorldPositionOffset/ObjectScale.uexp" 387
"../../../Engine/Plugins/Editor/SpeedTreeImporter/Content/SpeedTree9/SpeedTreeWind.uasset" 388
"../../../Engine/Plugins/Editor/SpeedTreeImporter/Content/SpeedTree9/SpeedTreeWind.uexp" 389
"../../../Engine/Plugins/Editor/SpeedTreeImporter/Content/SpeedTree9/SpeedTreeBillboard.uasset" 390
"../../../Engine/Plugins/Editor/SpeedTreeImporter/Content/SpeedTree9/SpeedTreeBillboard.uexp" 391
"../../../Engine/Plugins/Editor/SpeedTreeImporter/Content/SpeedTree9/EmptyNormal.uasset" 392
"../../../Engine/Plugins/Editor/SpeedTreeImporter/Content/SpeedTree9/EmptyNormal.uexp" 393
"../../../Engine/Plugins/Editor/SpeedTreeImporter/Content/SpeedTree9/Empty.uasset" 394
"../../../Engine/Plugins/Editor/SpeedTreeImporter/Content/SpeedTree9/Empty.uexp" 395
"../../../Engine/Plugins/Editor/SpeedTreeImporter/Content/SpeedTree9/SpeedTreeBillboardMaster.uasset" 396
"../../../Engine/Plugins/Editor/SpeedTreeImporter/Content/SpeedTree9/SpeedTreeBillboardMaster.uexp" 397
"../../../Engine/Plugins/Editor/SpeedTreeImporter/Content/SpeedTree9/SpeedTreeCameraFacing.uasset" 398
"../../../Engine/Plugins/Editor/SpeedTreeImporter/Content/SpeedTree9/SpeedTreeCameraFacing.uexp" 399
"../../../Engine/Plugins/Editor/SpeedTreeImporter/Content/SpeedTree9/SpeedTreeMaster.uasset" 400
"../../../Engine/Plugins/Editor/SpeedTreeImporter/Content/SpeedTree9/SpeedTreeMaster.uexp" 401
"../../../Engine/Content/BasicShapes/Cylinder.uasset" 402
"../../../Engine/Content/BasicShapes/Cylinder.uexp" 403
"../../../Engine/Content/ArtTools/RenderToTexture/Materials/Debug/M_Emissive_Color.uasset" 404
"../../../Engine/Content/ArtTools/RenderToTexture/Materials/Debug/M_Emissive_Color.uexp" 405
"../../../Engine/Plugins/Runtime/OpenXR/Content/Devices/GoogleDaydream/MRTexture.uasset" 406
"../../../Engine/Plugins/Runtime/OpenXR/Content/Devices/GoogleDaydream/MRTexture.uexp" 407
"../../../Engine/Plugins/Runtime/OpenXR/Content/Devices/GoogleDaydream/MRTexture.ubulk" 408
"../../../Engine/Plugins/Runtime/OpenXR/Content/Devices/GoogleDaydream/BaseTexture.uasset" 409
"../../../Engine/Plugins/Runtime/OpenXR/Content/Devices/GoogleDaydream/BaseTexture.uexp" 410
"../../../Engine/Plugins/Runtime/OpenXR/Content/Devices/GoogleDaydream/BaseTexture.ubulk" 411
"../../../Engine/Content/EngineResources/Black.uasset" 412
"../../../Engine/Content/EngineResources/Black.uexp" 413
"../../../Engine/Plugins/Runtime/OpenXR/Content/Devices/M_XRController.uasset" 414
"../../../Engine/Plugins/Runtime/OpenXR/Content/Devices/M_XRController.uexp" 415
"../../../Engine/Plugins/Runtime/OpenXR/Content/Devices/GoogleDaydream/MI_GoogleDaydream.uasset" 416
"../../../Engine/Plugins/Runtime/OpenXR/Content/Devices/GoogleDaydream/MI_GoogleDaydream.uexp" 417
"../../../Engine/Plugins/Runtime/OpenXR/Content/Devices/GoogleDaydream/GoogleDaydreamController.uasset" 418
"../../../Engine/Plugins/Runtime/OpenXR/Content/Devices/GoogleDaydream/GoogleDaydreamController.uexp" 419
"../../../Engine/Plugins/Runtime/OpenXR/Content/Devices/HTCVive/BaseTexture.uasset" 420
"../../../Engine/Plugins/Runtime/OpenXR/Content/Devices/HTCVive/BaseTexture.uexp" 421
"../../../Engine/Plugins/Runtime/OpenXR/Content/Devices/HTCVive/BaseTexture.ubulk" 422
"../../../Engine/Plugins/Runtime/OpenXR/Content/Devices/HTCVive/MI_HTCVive.uasset" 423
"../../../Engine/Plugins/Runtime/OpenXR/Content/Devices/HTCVive/MI_HTCVive.uexp" 424
"../../../Engine/Plugins/Runtime/OpenXR/Content/Devices/HTCVive/HTCViveController.uasset" 425
"../../../Engine/Plugins/Runtime/OpenXR/Content/Devices/HTCVive/HTCViveController.uexp" 426
"../../../Engine/Plugins/Runtime/OpenXR/Content/Devices/MicrosoftMixedReality/NormalTexture.uasset" 427
"../../../Engine/Plugins/Runtime/OpenXR/Content/Devices/MicrosoftMixedReality/NormalTexture.uexp" 428
"../../../Engine/Plugins/Runtime/OpenXR/Content/Devices/MicrosoftMixedReality/NormalTexture.ubulk" 429
"../../../Engine/Plugins/Runtime/OpenXR/Content/Devices/MicrosoftMixedReality/MRTexture.uasset" 430
"../../../Engine/Plugins/Runtime/OpenXR/Content/Devices/MicrosoftMixedReality/MRTexture.uexp" 431
"../../../Engine/Plugins/Runtime/OpenXR/Content/Devices/MicrosoftMixedReality/MRTexture.ubulk" 432
"../../../Engine/Plugins/Runtime/OpenXR/Content/Devices/MicrosoftMixedReality/EmissiveTexture.uasset" 433
"../../../Engine/Plugins/Runtime/OpenXR/Content/Devices/MicrosoftMixedReality/EmissiveTexture.uexp" 434
"../../../Engine/Plugins/Runtime/OpenXR/Content/Devices/MicrosoftMixedReality/EmissiveTexture.ubulk" 435
"../../../Engine/Plugins/Runtime/OpenXR/Content/Devices/MicrosoftMixedReality/BaseTexture.uasset" 436
"../../../Engine/Plugins/Runtime/OpenXR/Content/Devices/MicrosoftMixedReality/BaseTexture.uexp" 437
"../../../Engine/Plugins/Runtime/OpenXR/Content/Devices/MicrosoftMixedReality/BaseTexture.ubulk" 438
"../../../Engine/Plugins/Runtime/OpenXR/Content/Devices/MicrosoftMixedReality/MI_MicrosoftMixedReality.uasset" 439
"../../../Engine/Plugins/Runtime/OpenXR/Content/Devices/MicrosoftMixedReality/MI_MicrosoftMixedReality.uexp" 440
"../../../Engine/Plugins/Runtime/OpenXR/Content/Devices/MicrosoftMixedReality/Left/left_MicrosoftMixedRealityController.uasset" 441
"../../../Engine/Plugins/Runtime/OpenXR/Content/Devices/MicrosoftMixedReality/Left/left_MicrosoftMixedRealityController.uexp" 442
"../../../Engine/Plugins/Runtime/OpenXR/Content/Devices/MicrosoftMixedReality/Right/right_MicrosoftMixedRealityController.uasset" 443
"../../../Engine/Plugins/Runtime/OpenXR/Content/Devices/MicrosoftMixedReality/Right/right_MicrosoftMixedRealityController.uexp" 444
"../../../Engine/Plugins/Runtime/OpenXR/Content/Devices/OculusGo/BaseTexture.uasset" 445
"../../../Engine/Plugins/Runtime/OpenXR/Content/Devices/OculusGo/BaseTexture.uexp" 446
"../../../Engine/Plugins/Runtime/OpenXR/Content/Devices/OculusGo/BaseTexture.ubulk" 447
"../../../Engine/Plugins/Runtime/OpenXR/Content/Devices/OculusGo/MI_OculusGo.uasset" 448
"../../../Engine/Plugins/Runtime/OpenXR/Content/Devices/OculusGo/MI_OculusGo.uexp" 449
"../../../Engine/Plugins/Runtime/OpenXR/Content/Devices/OculusGo/OculusGoController.uasset" 450
"../../../Engine/Plugins/Runtime/OpenXR/Content/Devices/OculusGo/OculusGoController.uexp" 451
"../../../Engine/Plugins/Runtime/OpenXR/Content/Devices/OculusTouch/MRTexture.uasset" 452
"../../../Engine/Plugins/Runtime/OpenXR/Content/Devices/OculusTouch/MRTexture.uexp" 453
"../../../Engine/Plugins/Runtime/OpenXR/Content/Devices/OculusTouch/MRTexture.ubulk" 454
"../../../Engine/Plugins/Runtime/OpenXR/Content/Devices/OculusTouch/BaseTexture.uasset" 455
"../../../Engine/Plugins/Runtime/OpenXR/Content/Devices/OculusTouch/BaseTexture.uexp" 456
"../../../Engine/Plugins/Runtime/OpenXR/Content/Devices/OculusTouch/BaseTexture.ubulk" 457
"../../../Engine/Plugins/Runtime/OpenXR/Content/Devices/OculusTouch/MI_OculusTouch.uasset" 458
"../../../Engine/Plugins/Runtime/OpenXR/Content/Devices/OculusTouch/MI_OculusTouch.uexp" 459
"../../../Engine/Plugins/Runtime/OpenXR/Content/Devices/OculusTouch/Left/left_OculusTouchController.uasset" 460
"../../../Engine/Plugins/Runtime/OpenXR/Content/Devices/OculusTouch/Left/left_OculusTouchController.uexp" 461
"../../../Engine/Plugins/Runtime/OpenXR/Content/Devices/OculusTouch/Right/right_OculusTouchController.uasset" 462
"../../../Engine/Plugins/Runtime/OpenXR/Content/Devices/OculusTouch/Right/right_OculusTouchController.uexp" 463
"../../../Engine/Plugins/Runtime/OpenXR/Content/Devices/OculusTouch_v2/MRTexture.uasset" 464
"../../../Engine/Plugins/Runtime/OpenXR/Content/Devices/OculusTouch_v2/MRTexture.uexp" 465
"../../../Engine/Plugins/Runtime/OpenXR/Content/Devices/OculusTouch_v2/MRTexture.ubulk" 466
"../../../Engine/Plugins/Runtime/OpenXR/Content/Devices/OculusTouch_v2/BaseTexture.uasset" 467
"../../../Engine/Plugins/Runtime/OpenXR/Content/Devices/OculusTouch_v2/BaseTexture.uexp" 468
"../../../Engine/Plugins/Runtime/OpenXR/Content/Devices/OculusTouch_v2/BaseTexture.ubulk" 469
"../../../Engine/Plugins/Runtime/OpenXR/Content/Devices/OculusTouch_v2/MI_OculusTouch_v2.uasset" 470
"../../../Engine/Plugins/Runtime/OpenXR/Content/Devices/OculusTouch_v2/MI_OculusTouch_v2.uexp" 471
"../../../Engine/Plugins/Runtime/OpenXR/Content/Devices/OculusTouch_v2/Left/left_OculusTouch_v2Controller.uasset" 472
"../../../Engine/Plugins/Runtime/OpenXR/Content/Devices/OculusTouch_v2/Left/left_OculusTouch_v2Controller.uexp" 473
"../../../Engine/Plugins/Runtime/OpenXR/Content/Devices/OculusTouch_v2/Right/right_OculusTouch_v2Controller.uasset" 474
"../../../Engine/Plugins/Runtime/OpenXR/Content/Devices/OculusTouch_v2/Right/right_OculusTouch_v2Controller.uexp" 475
"../../../Engine/Plugins/Runtime/OpenXR/Content/Devices/OculusTouch_v3/MRTexture.uasset" 476
"../../../Engine/Plugins/Runtime/OpenXR/Content/Devices/OculusTouch_v3/MRTexture.uexp" 477
"../../../Engine/Plugins/Runtime/OpenXR/Content/Devices/OculusTouch_v3/MRTexture.ubulk" 478
"../../../Engine/Plugins/Runtime/OpenXR/Content/Devices/OculusTouch_v3/BaseTexture.uasset" 479
"../../../Engine/Plugins/Runtime/OpenXR/Content/Devices/OculusTouch_v3/BaseTexture.uexp" 480
"../../../Engine/Plugins/Runtime/OpenXR/Content/Devices/OculusTouch_v3/BaseTexture.ubulk" 481
"../../../Engine/Plugins/Runtime/OpenXR/Content/Devices/OculusTouch_v3/MI_OculusTouch_v3.uasset" 482
"../../../Engine/Plugins/Runtime/OpenXR/Content/Devices/OculusTouch_v3/MI_OculusTouch_v3.uexp" 483
"../../../Engine/Plugins/Runtime/OpenXR/Content/Devices/OculusTouch_v3/Left/left_OculusTouch_v3Controller.uasset" 484
"../../../Engine/Plugins/Runtime/OpenXR/Content/Devices/OculusTouch_v3/Left/left_OculusTouch_v3Controller.uexp" 485
"../../../Engine/Plugins/Runtime/OpenXR/Content/Devices/OculusTouch_v3/Right/right_OculusTouch_v3Controller.uasset" 486
"../../../Engine/Plugins/Runtime/OpenXR/Content/Devices/OculusTouch_v3/Right/right_OculusTouch_v3Controller.uexp" 487
"../../../Engine/Plugins/Runtime/OpenXR/Content/Devices/ValveIndex/MRTexture.uasset" 488
"../../../Engine/Plugins/Runtime/OpenXR/Content/Devices/ValveIndex/MRTexture.uexp" 489
"../../../Engine/Plugins/Runtime/OpenXR/Content/Devices/ValveIndex/MRTexture.ubulk" 490
"../../../Engine/Plugins/Runtime/OpenXR/Content/Devices/ValveIndex/BaseTexture.uasset" 491
"../../../Engine/Plugins/Runtime/OpenXR/Content/Devices/ValveIndex/BaseTexture.uexp" 492
"../../../Engine/Plugins/Runtime/OpenXR/Content/Devices/ValveIndex/BaseTexture.ubulk" 493
"../../../Engine/Plugins/Runtime/OpenXR/Content/Devices/ValveIndex/Left/MI_left_ValveIndex.uasset" 494
"../../../Engine/Plugins/Runtime/OpenXR/Content/Devices/ValveIndex/Left/MI_left_ValveIndex.uexp" 495
"../../../Engine/Plugins/Runtime/OpenXR/Content/Devices/ValveIndex/Left/left_ValveIndexController.uasset" 496
"../../../Engine/Plugins/Runtime/OpenXR/Content/Devices/ValveIndex/Left/left_ValveIndexController.uexp" 497
"../../../Engine/Plugins/Runtime/OpenXR/Content/Devices/ValveIndex/Right/MI_right_ValveIndex.uasset" 498
"../../../Engine/Plugins/Runtime/OpenXR/Content/Devices/ValveIndex/Right/MI_right_ValveIndex.uexp" 499
"../../../Engine/Plugins/Runtime/OpenXR/Content/Devices/ValveIndex/Right/right_ValveIndexController.uasset" 500
"../../../Engine/Plugins/Runtime/OpenXR/Content/Devices/ValveIndex/Right/right_ValveIndexController.uexp" 501
"../../../Engine/Content/Functions/Engine_MaterialFunctions02/Utility/BreakOutFloat4Components.uasset" 502
"../../../Engine/Content/Functions/Engine_MaterialFunctions02/Utility/BreakOutFloat4Components.uexp" 503
"../../../Engine/Content/Functions/Engine_MaterialFunctions02/Utility/MakeFloat3.uasset" 504
"../../../Engine/Content/Functions/Engine_MaterialFunctions02/Utility/MakeFloat3.uexp" 505
"../../../Engine/Plugins/Runtime/Oculus/OculusVR/Content/Materials/OculusMR_ChromaKey.uasset" 506
"../../../Engine/Plugins/Runtime/Oculus/OculusVR/Content/Materials/OculusMR_ChromaKey.uexp" 507
"../../../Engine/Plugins/Runtime/Oculus/OculusVR/Content/Materials/OculusMR_OpaqueColoredMaterial.uasset" 508
"../../../Engine/Plugins/Runtime/Oculus/OculusVR/Content/Materials/OculusMR_OpaqueColoredMaterial.uexp" 509
"../../../Engine/Plugins/Runtime/Oculus/OculusVR/Content/Materials/PokeAHoleMaterial.uasset" 510
"../../../Engine/Plugins/Runtime/Oculus/OculusVR/Content/Materials/PokeAHoleMaterial.uexp" 511
"../../../Engine/Plugins/Runtime/Oculus/OculusVR/Content/Textures/touchController_controlmap.uasset" 512
"../../../Engine/Plugins/Runtime/Oculus/OculusVR/Content/Textures/touchController_controlmap.uexp" 513
"../../../Engine/Plugins/Runtime/Oculus/OculusVR/Content/Textures/touchController_controlmap.ubulk" 514
"../../../Engine/Plugins/Runtime/Oculus/OculusVR/Content/Textures/touchController_albedo.uasset" 515
"../../../Engine/Plugins/Runtime/Oculus/OculusVR/Content/Textures/touchController_albedo.uexp" 516
"../../../Engine/Plugins/Runtime/Oculus/OculusVR/Content/Textures/touchController_albedo.ubulk" 517
"../../../Engine/Plugins/Runtime/Oculus/OculusVR/Content/Materials/touchController_mat.uasset" 518
"../../../Engine/Plugins/Runtime/Oculus/OculusVR/Content/Materials/touchController_mat.uexp" 519
"../../../Engine/Plugins/Runtime/Oculus/OculusVR/Content/Meshes/LeftTouchController.uasset" 520
"../../../Engine/Plugins/Runtime/Oculus/OculusVR/Content/Meshes/LeftTouchController.uexp" 521
"../../../Engine/Plugins/Runtime/Oculus/OculusVR/Content/Textures/TouchForQuestRiftSController_albedo.uasset" 522
"../../../Engine/Plugins/Runtime/Oculus/OculusVR/Content/Textures/TouchForQuestRiftSController_albedo.uexp" 523
"../../../Engine/Plugins/Runtime/Oculus/OculusVR/Content/Textures/TouchForQuestRiftSController_albedo.ubulk" 524
"../../../Engine/Plugins/Runtime/Oculus/OculusVR/Content/Materials/TouchForQuestRiftSControllerMaterial.uasset" 525
"../../../Engine/Plugins/Runtime/Oculus/OculusVR/Content/Materials/TouchForQuestRiftSControllerMaterial.uexp" 526
"../../../Engine/Plugins/Runtime/Oculus/OculusVR/Content/Meshes/LeftTouchForQuestRiftSController.uasset" 527
"../../../Engine/Plugins/Runtime/Oculus/OculusVR/Content/Meshes/LeftTouchForQuestRiftSController.uexp" 528
"../../../Engine/Plugins/Runtime/Oculus/OculusVR/Content/Meshes/RiftHMD.uasset" 529
"../../../Engine/Plugins/Runtime/Oculus/OculusVR/Content/Meshes/RiftHMD.uexp" 530
"../../../Engine/Plugins/Runtime/Oculus/OculusVR/Content/Meshes/RightTouchController.uasset" 531
"../../../Engine/Plugins/Runtime/Oculus/OculusVR/Content/Meshes/RightTouchController.uexp" 532
"../../../Engine/Plugins/Runtime/Oculus/OculusVR/Content/Meshes/RightTouchForQuestRiftSController.uasset" 533
"../../../Engine/Plugins/Runtime/Oculus/OculusVR/Content/Meshes/RightTouchForQuestRiftSController.uexp" 534
"../../../Engine/Content/EditorBlueprintResources/StandardMacros.uasset" 535
"../../../Engine/Content/EditorBlueprintResources/StandardMacros.uexp" 536
"D:/Games/Homemade Games/ColourWars/Content/UI/GameHUD.uasset" 537
"D:/Games/Homemade Games/ColourWars/Content/UI/GameHUD.uexp" 538
"../../../Engine/Content/EngineSky/T_Sky_Stars.uasset" 539
"../../../Engine/Content/EngineSky/T_Sky_Stars.uexp" 540
"../../../Engine/Content/EngineSky/T_Sky_Stars.ubulk" 541
"../../../Engine/Content/EngineSky/T_Sky_Clouds_M.uasset" 542
"../../../Engine/Content/EngineSky/T_Sky_Clouds_M.uexp" 543
"../../../Engine/Content/EngineSky/T_Sky_Clouds_M.ubulk" 544
"../../../Engine/Content/EngineSky/T_Sky_Blue.uasset" 545
"../../../Engine/Content/EngineSky/T_Sky_Blue.uexp" 546
"../../../Engine/Content/EngineSky/T_Sky_Blue.ubulk" 547
"../../../Engine/Content/EngineSky/M_Sky_Panning_Clouds2.uasset" 548
"../../../Engine/Content/EngineSky/M_Sky_Panning_Clouds2.uexp" 549
"D:/Games/Homemade Games/ColourWars/Content/PuzzleCPP/Maps/ColourWarsMain_BuiltData.uasset" 550
"D:/Games/Homemade Games/ColourWars/Content/PuzzleCPP/Maps/ColourWarsMain_BuiltData.uexp" 551
"D:/Games/Homemade Games/ColourWars/Content/PuzzleCPP/Maps/ColourWarsMain_BuiltData.ubulk" 552
"../../../Engine/Content/EngineSky/SM_SkySphere.uasset" 553
"../../../Engine/Content/EngineSky/SM_SkySphere.uexp" 554
"../../../Engine/Content/EngineSky/C_Sky_Zenith_Color.uasset" 555
"../../../Engine/Content/EngineSky/C_Sky_Zenith_Color.uexp" 556
"../../../Engine/Content/EngineSky/C_Sky_Horizon_Color.uasset" 557
"../../../Engine/Content/EngineSky/C_Sky_Horizon_Color.uexp" 558
"../../../Engine/Content/EngineSky/C_Sky_Cloud_Color.uasset" 559
"../../../Engine/Content/EngineSky/C_Sky_Cloud_Color.uexp" 560
"../../../Engine/Content/EngineSky/BP_Sky_Sphere.uasset" 561
"../../../Engine/Content/EngineSky/BP_Sky_Sphere.uexp" 562
"D:/Games/Homemade Games/ColourWars/Content/Puzzle/Meshes/PuzzleBlockGrid_Blueprint.uasset" 563
"D:/Games/Homemade Games/ColourWars/Content/Puzzle/Meshes/PuzzleBlockGrid_Blueprint.uexp" 564
"D:/Games/Homemade Games/ColourWars/Content/Geometry/Meshes/CubeMaterial.uasset" 565
"D:/Games/Homemade Games/ColourWars/Content/Geometry/Meshes/CubeMaterial.uexp" 566
"D:/Games/Homemade Games/ColourWars/Content/Geometry/Meshes/1M_Cube.uasset" 567
"D:/Games/Homemade Games/ColourWars/Content/Geometry/Meshes/1M_Cube.uexp" 568
"D:/Games/Homemade Games/ColourWars/Content/PuzzleCPP/Maps/ColourWarsMain.uexp" 569
"D:/Games/Homemade Games/ColourWars/Content/PuzzleCPP/Maps/ColourWarsMain.umap" 570
"D:/Games/Homemade Games/ColourWars/Content/PuzzleCPP/Maps/MainMenu.uexp" 571
"D:/Games/Homemade Games/ColourWars/Content/PuzzleCPP/Maps/MainMenu.umap" 572
"../../../Engine/Content/Maps/Entry_BuiltData.uasset" 573
"../../../Engine/Content/Maps/Entry_BuiltData.uexp" 574
"../../../Engine/Content/Maps/Entry.uexp" 575
"../../../Engine/Content/Maps/Entry.umap" 576
